<?xml version="1.0" encoding="UTF-8"?>
<testsuite xmlns:xsi="http://www.w3.org/2001/XMLSchema-instance" xsi:noNamespaceSchemaLocation="https://maven.apache.org/surefire/maven-surefire-plugin/xsd/surefire-test-report.xsd" name="TestSuite" time="27.517" tests="2" errors="0" skipped="0" failures="2">
  <properties>
[...]
</properties>
  <testcase name="shouldLogin" classname="simpleTest" time="7.308">
    <failure message="Unable to locate element: html body.three-col.logged-out.western.pt.static-logged-out-home-page.no-nav-banners div#doc div.StaticLoggedOutHomePage div.StaticLoggedOutHomePage-content div.StaticLoggedOutHomePage-cell.StaticLoggedOutHomePage-utilityBlock div.StaticLoggedOutHomePage-signupBlock div.StaticLoggedOutHomePage-noSignupForm div.StaticLoggedOutHomePage-buttons a.js-nav.EdgeButton.EdgeButton--medium.EdgeButton--secondary.StaticLoggedOutHomePage-buttonLogin&#10;For documentation on this error, please visit: http://seleniumhq.org/exceptions/no_such_element.html&#10;Build info: version: &apos;3.11.0&apos;, revision: &apos;e59cfb3&apos;, time: &apos;2018-03-11T20:26:55.152Z&apos;&#10;System info: host: &apos;karina&apos;, ip: &apos;127.0.1.1&apos;, os.name: &apos;Linux&apos;, os.arch: &apos;amd64&apos;, os.version: &apos;4.15.0-29-generic&apos;, java.version: &apos;1.8.0_171&apos;&#10;Driver info: org.openqa.selenium.firefox.FirefoxDriver&#10;Capabilities {acceptInsecureCerts: true, browserName: firefox, browserVersion: 61.0.1, javascriptEnabled: true, moz:accessibilityChecks: false, moz:headless: false, moz:processID: 23462, moz:profile: /tmp/rust_mozprofile.yyodCL..., moz:useNonSpecCompliantPointerOrigin: false, moz:webdriverClick: true, pageLoadStrategy: normal, platform: LINUX, platformName: LINUX, platformVersion: 4.15.0-29-generic, rotatable: false, timeouts: {implicit: 0, pageLoad: 300000, script: 30000}}&#10;Session ID: 5d0d994a-77e6-4a85-a0d0-801fa295f3c8&#10;*** Element info: {Using=css selector, value=html body.three-col.logged-out.western.pt.static-logged-out-home-page.no-nav-banners div#doc div.StaticLoggedOutHomePage div.StaticLoggedOutHomePage-content div.StaticLoggedOutHomePage-cell.StaticLoggedOutHomePage-utilityBlock div.StaticLoggedOutHomePage-signupBlock div.StaticLoggedOutHomePage-noSignupForm div.StaticLoggedOutHomePage-buttons a.js-nav.EdgeButton.EdgeButton--medium.EdgeButton--secondary.StaticLoggedOutHomePage-buttonLogin}" type="org.openqa.selenium.NoSuchElementException">org.openqa.selenium.NoSuchElementException: 
Unable to locate element: html body.three-col.logged-out.western.pt.static-logged-out-home-page.no-nav-banners div#doc div.StaticLoggedOutHomePage div.StaticLoggedOutHomePage-content div.StaticLoggedOutHomePage-cell.StaticLoggedOutHomePage-utilityBlock div.StaticLoggedOutHomePage-signupBlock div.StaticLoggedOutHomePage-noSignupForm div.StaticLoggedOutHomePage-buttons a.js-nav.EdgeButton.EdgeButton--medium.EdgeButton--secondary.StaticLoggedOutHomePage-buttonLogin
For documentation on this error, please visit: http://seleniumhq.org/exceptions/no_such_element.html
Build info: version: '3.11.0', revision: 'e59cfb3', time: '2018-03-11T20:26:55.152Z'
System info: host: 'karina', ip: '127.0.1.1', os.name: 'Linux', os.arch: 'amd64', os.version: '4.15.0-29-generic', java.version: '1.8.0_171'
Driver info: org.openqa.selenium.firefox.FirefoxDriver
Capabilities {acceptInsecureCerts: true, browserName: firefox, browserVersion: 61.0.1, javascriptEnabled: true, moz:accessibilityChecks: false, moz:headless: false, moz:processID: 23462, moz:profile: /tmp/rust_mozprofile.yyodCL..., moz:useNonSpecCompliantPointerOrigin: false, moz:webdriverClick: true, pageLoadStrategy: normal, platform: LINUX, platformName: LINUX, platformVersion: 4.15.0-29-generic, rotatable: false, timeouts: {implicit: 0, pageLoad: 300000, script: 30000}}
Session ID: 5d0d994a-77e6-4a85-a0d0-801fa295f3c8
*** Element info: {Using=css selector, value=html body.three-col.logged-out.western.pt.static-logged-out-home-page.no-nav-banners div#doc div.StaticLoggedOutHomePage div.StaticLoggedOutHomePage-content div.StaticLoggedOutHomePage-cell.StaticLoggedOutHomePage-utilityBlock div.StaticLoggedOutHomePage-signupBlock div.StaticLoggedOutHomePage-noSignupForm div.StaticLoggedOutHomePage-buttons a.js-nav.EdgeButton.EdgeButton--medium.EdgeButton--secondary.StaticLoggedOutHomePage-buttonLogin}
	at simpleTest.shouldLogin(simpleTest.java:37)
</failure>
    <system-err><![CDATA[1532828245882	geckodriver	INFO	geckodriver 0.20.0
1532828245890	geckodriver	INFO	Listening on 127.0.0.1:14665
1532828246190	mozrunner::runner	INFO	Running command: "/usr/lib/firefox/firefox" "-marionette" "-profile" "/tmp/rust_mozprofile.yyodCLayPChA"
1532828251480	Marionette	INFO	Listening on port 34053
1532828251535	Marionette	WARN	TLS certificate errors will be ignored for this session
jul 28, 2018 10:37:31 PM org.openqa.selenium.remote.ProtocolHandshake createSession
INFORMAÇÕES: Detected dialect: W3C
]]></system-err>
  </testcase>
  <testcase name="shouldLogin" classname="simpleTest" time="10.223">
    <failure message="no such element: Unable to locate element: {&quot;method&quot;:&quot;css selector&quot;,&quot;selector&quot;:&quot;.DashboardProfileCard-content&quot;}&#10;  (Session info: chrome=67.0.3396.99)&#10;  (Driver info: chromedriver=2.37.544315 (730aa6a5fdba159ac9f4c1e8cbc59bf1b5ce12b7),platform=Linux 4.15.0-29-generic x86_64) (WARNING: The server did not provide any stacktrace information)&#10;Command duration or timeout: 0 milliseconds&#10;For documentation on this error, please visit: http://seleniumhq.org/exceptions/no_such_element.html&#10;Build info: version: &apos;3.11.0&apos;, revision: &apos;e59cfb3&apos;, time: &apos;2018-03-11T20:26:55.152Z&apos;&#10;System info: host: &apos;karina&apos;, ip: &apos;127.0.1.1&apos;, os.name: &apos;Linux&apos;, os.arch: &apos;amd64&apos;, os.version: &apos;4.15.0-29-generic&apos;, java.version: &apos;1.8.0_171&apos;&#10;Driver info: org.openqa.selenium.chrome.ChromeDriver&#10;Capabilities {acceptInsecureCerts: false, acceptSslCerts: false, applicationCacheEnabled: false, browserConnectionEnabled: false, browserName: chrome, chrome: {chromedriverVersion: 2.37.544315 (730aa6a5fdba15..., userDataDir: /tmp/.org.chromium.Chromium...}, cssSelectorsEnabled: true, databaseEnabled: false, handlesAlerts: true, hasTouchScreen: false, javascriptEnabled: true, locationContextEnabled: true, mobileEmulationEnabled: false, nativeEvents: true, networkConnectionEnabled: false, pageLoadStrategy: normal, platform: LINUX, platformName: LINUX, rotatable: false, setWindowRect: true, takesHeapSnapshot: true, takesScreenshot: true, unexpectedAlertBehaviour: , unhandledPromptBehavior: , version: 67.0.3396.99, webStorageEnabled: true}&#10;Session ID: 23e64d7a3cfc2a7043f07757464f9600&#10;*** Element info: {Using=css selector, value=.DashboardProfileCard-content}" type="org.openqa.selenium.NoSuchElementException">org.openqa.selenium.NoSuchElementException: 
no such element: Unable to locate element: {"method":"css selector","selector":".DashboardProfileCard-content"}
  (Session info: chrome=67.0.3396.99)
  (Driver info: chromedriver=2.37.544315 (730aa6a5fdba159ac9f4c1e8cbc59bf1b5ce12b7),platform=Linux 4.15.0-29-generic x86_64) (WARNING: The server did not provide any stacktrace information)
Command duration or timeout: 0 milliseconds
For documentation on this error, please visit: http://seleniumhq.org/exceptions/no_such_element.html
Build info: version: '3.11.0', revision: 'e59cfb3', time: '2018-03-11T20:26:55.152Z'
System info: host: 'karina', ip: '127.0.1.1', os.name: 'Linux', os.arch: 'amd64', os.version: '4.15.0-29-generic', java.version: '1.8.0_171'
Driver info: org.openqa.selenium.chrome.ChromeDriver
Capabilities {acceptInsecureCerts: false, acceptSslCerts: false, applicationCacheEnabled: false, browserConnectionEnabled: false, browserName: chrome, chrome: {chromedriverVersion: 2.37.544315 (730aa6a5fdba15..., userDataDir: /tmp/.org.chromium.Chromium...}, cssSelectorsEnabled: true, databaseEnabled: false, handlesAlerts: true, hasTouchScreen: false, javascriptEnabled: true, locationContextEnabled: true, mobileEmulationEnabled: false, nativeEvents: true, networkConnectionEnabled: false, pageLoadStrategy: normal, platform: LINUX, platformName: LINUX, rotatable: false, setWindowRect: true, takesHeapSnapshot: true, takesScreenshot: true, unexpectedAlertBehaviour: , unhandledPromptBehavior: , version: 67.0.3396.99, webStorageEnabled: true}
Session ID: 23e64d7a3cfc2a7043f07757464f9600
*** Element info: {Using=css selector, value=.DashboardProfileCard-content}
	at simpleTest.shouldLogin(simpleTest.java:45)
</failure>
    <system-err><![CDATA[*** UTM:SVC TimerManager:registerTimer called after profile-before-change notification. Ignoring timer registration for id: telemetry_modules_ping
1532828260537	geckodriver::marionette	ERROR	Failed to stop browser process
Starting ChromeDriver 2.37.544315 (730aa6a5fdba159ac9f4c1e8cbc59bf1b5ce12b7) on port 10637
Only local connections are allowed.
jul 28, 2018 10:37:41 PM org.openqa.selenium.remote.ProtocolHandshake createSession
INFORMAÇÕES: Detected dialect: OSS
]]></system-err>
  </testcase>
</testsuite>