<?xml version="1.0" encoding="UTF-8"?>
<!-- Generated by org.testng.reporters.JUnitXMLReporter -->
<testsuite hostname="karina" ignored="0" tests="1" failures="1" timestamp="29 jul 2018 01:37:40 GMT" time="15.433" errors="0">
  <testcase name="shouldLogin" time="7.293" classname="simpleTest">
    <failure type="org.openqa.selenium.NoSuchElementException" message="Unable to locate element: html body.three-col.logged-out.western.pt.static-logged-out-home-page.no-nav-banners div#doc div.StaticLoggedOutHomePage div.StaticLoggedOutHomePage-content div.StaticLoggedOutHomePage-cell.StaticLoggedOutHomePage-utilityBlock div.StaticLoggedOutHomePage-signupBlock div.StaticLoggedOutHomePage-noSignupForm div.StaticLoggedOutHomePage-buttons a.js-nav.EdgeButton.EdgeButton--medium.EdgeButton--secondary.StaticLoggedOutHomePage-buttonLogin
For documentation on this error, please visit: http://seleniumhq.org/exceptions/no_such_element.html
Build info: version: &amp;apos;3.11.0&amp;apos;, revision: &amp;apos;e59cfb3&amp;apos;, time: &amp;apos;2018-03-11T20:26:55.152Z&amp;apos;
System info: host: &amp;apos;karina&amp;apos;, ip: &amp;apos;127.0.1.1&amp;apos;, os.name: &amp;apos;Linux&amp;apos;, os.arch: &amp;apos;amd64&amp;apos;, os.version: &amp;apos;4.15.0-29-generic&amp;apos;, java.version: &amp;apos;1.8.0_171&amp;apos;
Driver info: org.openqa.selenium.firefox.FirefoxDriver
Capabilities {acceptInsecureCerts: true, browserName: firefox, browserVersion: 61.0.1, javascriptEnabled: true, moz:accessibilityChecks: false, moz:headless: false, moz:processID: 23462, moz:profile: /tmp/rust_mozprofile.yyodCL..., moz:useNonSpecCompliantPointerOrigin: false, moz:webdriverClick: true, pageLoadStrategy: normal, platform: LINUX, platformName: LINUX, platformVersion: 4.15.0-29-generic, rotatable: false, timeouts: {implicit: 0, pageLoad: 300000, script: 30000}}
Session ID: 5d0d994a-77e6-4a85-a0d0-801fa295f3c8
*** Element info: {Using=css selector, value=html body.three-col.logged-out.western.pt.static-logged-out-home-page.no-nav-banners div#doc div.StaticLoggedOutHomePage div.StaticLoggedOutHomePage-content div.StaticLoggedOutHomePage-cell.StaticLoggedOutHomePage-utilityBlock div.StaticLoggedOutHomePage-signupBlock div.StaticLoggedOutHomePage-noSignupForm div.StaticLoggedOutHomePage-buttons a.js-nav.EdgeButton.EdgeButton--medium.EdgeButton--secondary.StaticLoggedOutHomePage-buttonLogin}">
      <![CDATA[org.openqa.selenium.NoSuchElementException: Unable to locate element: html body.three-col.logged-out.western.pt.static-logged-out-home-page.no-nav-banners div#doc div.StaticLoggedOutHomePage div.StaticLoggedOutHomePage-content div.StaticLoggedOutHomePage-cell.StaticLoggedOutHomePage-utilityBlock div.StaticLoggedOutHomePage-signupBlock div.StaticLoggedOutHomePage-noSignupForm div.StaticLoggedOutHomePage-buttons a.js-nav.EdgeButton.EdgeButton--medium.EdgeButton--secondary.StaticLoggedOutHomePage-buttonLogin
For documentation on this error, please visit: http://seleniumhq.org/exceptions/no_such_element.html
Build info: version: '3.11.0', revision: 'e59cfb3', time: '2018-03-11T20:26:55.152Z'
System info: host: 'karina', ip: '127.0.1.1', os.name: 'Linux', os.arch: 'amd64', os.version: '4.15.0-29-generic', java.version: '1.8.0_171'
Driver info: org.openqa.selenium.firefox.FirefoxDriver
Capabilities {acceptInsecureCerts: true, browserName: firefox, browserVersion: 61.0.1, javascriptEnabled: true, moz:accessibilityChecks: false, moz:headless: false, moz:processID: 23462, moz:profile: /tmp/rust_mozprofile.yyodCL..., moz:useNonSpecCompliantPointerOrigin: false, moz:webdriverClick: true, pageLoadStrategy: normal, platform: LINUX, platformName: LINUX, platformVersion: 4.15.0-29-generic, rotatable: false, timeouts: {implicit: 0, pageLoad: 300000, script: 30000}}
Session ID: 5d0d994a-77e6-4a85-a0d0-801fa295f3c8
*** Element info: {Using=css selector, value=html body.three-col.logged-out.western.pt.static-logged-out-home-page.no-nav-banners div#doc div.StaticLoggedOutHomePage div.StaticLoggedOutHomePage-content div.StaticLoggedOutHomePage-cell.StaticLoggedOutHomePage-utilityBlock div.StaticLoggedOutHomePage-signupBlock div.StaticLoggedOutHomePage-noSignupForm div.StaticLoggedOutHomePage-buttons a.js-nav.EdgeButton.EdgeButton--medium.EdgeButton--secondary.StaticLoggedOutHomePage-buttonLogin}
at org.openqa.selenium.remote.http.W3CHttpResponseCodec.createException(W3CHttpResponseCodec.java:187)
at org.openqa.selenium.remote.http.W3CHttpResponseCodec.decode(W3CHttpResponseCodec.java:122)
at org.openqa.selenium.remote.http.W3CHttpResponseCodec.decode(W3CHttpResponseCodec.java:49)
at org.openqa.selenium.remote.HttpCommandExecutor.execute(HttpCommandExecutor.java:158)
at org.openqa.selenium.remote.service.DriverCommandExecutor.execute(DriverCommandExecutor.java:83)
at org.openqa.selenium.remote.RemoteWebDriver.execute(RemoteWebDriver.java:545)
at org.openqa.selenium.remote.RemoteWebDriver.findElement(RemoteWebDriver.java:319)
at org.openqa.selenium.remote.RemoteWebDriver.findElementByCssSelector(RemoteWebDriver.java:413)
at org.openqa.selenium.By$ByCssSelector.findElement(By.java:430)
at org.openqa.selenium.remote.RemoteWebDriver.findElement(RemoteWebDriver.java:311)
at simpleTest.shouldLogin(simpleTest.java:37)
... Removed 33 stack frames]]>
    </failure>
  </testcase> <!-- shouldLogin -->
</testsuite>
